The system is: Darwin - 18.6.0 - x86_64
Compiling the C compiler identification source file "CMakeCCompilerId.c" succeeded.
Compiler: /usr/local/opt/llvm/bin/clang 
Build flags: 
Id flags:  

The output was:
0


Compilation of the C compiler identification source "CMakeCCompilerId.c" produced "a.out"

The C compiler identification is Clang, found in "/Users/sraaphorst/Development/C++/property-based-testing-cpp/debug/CMakeFiles/3.14.3/CompilerIdC/a.out"

Compiling the CXX compiler identification source file "CMakeCXXCompilerId.cpp" succeeded.
Compiler: /usr/local/opt/llvm/bin/clang++ 
Build flags: 
Id flags:  

The output was:
0


Compilation of the CXX compiler identification source "CMakeCXXCompilerId.cpp" produced "a.out"

The CXX compiler identification is Clang, found in "/Users/sraaphorst/Development/C++/property-based-testing-cpp/debug/CMakeFiles/3.14.3/CompilerIdCXX/a.out"

Determining if the C compiler works passed with the following output:
Change Dir: /Users/sraaphorst/Development/C++/property-based-testing-cpp/debug/CMakeFiles/CMakeTmp

Run Build Command(s):/usr/bin/make cmTC_49efa/fast 
/Library/Developer/CommandLineTools/usr/bin/make -f CMakeFiles/cmTC_49efa.dir/build.make CMakeFiles/cmTC_49efa.dir/build
Building C object CMakeFiles/cmTC_49efa.dir/testCCompiler.c.o
/usr/local/opt/llvm/bin/clang   -isysroot /Library/Developer/CommandLineTools/SDKs/MacOSX10.14.sdk   -o CMakeFiles/cmTC_49efa.dir/testCCompiler.c.o   -c /Users/sraaphorst/Development/C++/property-based-testing-cpp/debug/CMakeFiles/CMakeTmp/testCCompiler.c
Linking C executable cmTC_49efa
"/Users/sraaphorst/Library/Application Support/JetBrains/Toolbox/apps/CLion/ch-0/191.7479.33/CLion.app/Contents/bin/cmake/mac/bin/cmake" -E cmake_link_script CMakeFiles/cmTC_49efa.dir/link.txt --verbose=1
/usr/local/opt/llvm/bin/clang   -isysroot /Library/Developer/CommandLineTools/SDKs/MacOSX10.14.sdk -Wl,-search_paths_first -Wl,-headerpad_max_install_names -L/usr/local/opt/readline/lib -L/Applications/Qt-5.9.4/5.9.4/clang_64/lib  CMakeFiles/cmTC_49efa.dir/testCCompiler.c.o  -o cmTC_49efa 
ld: warning: directory not found for option '-L/Applications/Qt-5.9.4/5.9.4/clang_64/lib'


Detecting C compiler ABI info compiled with the following output:
Change Dir: /Users/sraaphorst/Development/C++/property-based-testing-cpp/debug/CMakeFiles/CMakeTmp

Run Build Command(s):/usr/bin/make cmTC_59846/fast 
/Library/Developer/CommandLineTools/usr/bin/make -f CMakeFiles/cmTC_59846.dir/build.make CMakeFiles/cmTC_59846.dir/build
Building C object CMakeFiles/cmTC_59846.dir/CMakeCCompilerABI.c.o
/usr/local/opt/llvm/bin/clang   -isysroot /Library/Developer/CommandLineTools/SDKs/MacOSX10.14.sdk   -v -Wl,-v -o CMakeFiles/cmTC_59846.dir/CMakeCCompilerABI.c.o   -c "/Users/sraaphorst/Library/Application Support/JetBrains/Toolbox/apps/CLion/ch-0/191.7479.33/CLion.app/Contents/bin/cmake/mac/share/cmake-3.14/Modules/CMakeCCompilerABI.c"
clang version 8.0.0 (tags/RELEASE_800/final)
Target: x86_64-apple-darwin18.6.0
Thread model: posix
InstalledDir: /usr/local/opt/llvm/bin
clang-8: warning: -Wl,-v: 'linker' input unused [-Wunused-command-line-argument]
 "/usr/local/Cellar/llvm/8.0.0_1/bin/clang-8" -cc1 -triple x86_64-apple-macosx10.14.0 -Wdeprecated-objc-isa-usage -Werror=deprecated-objc-isa-usage -emit-obj -mrelax-all -disable-free -disable-llvm-verifier -discard-value-names -main-file-name CMakeCCompilerABI.c -mrelocation-model pic -pic-level 2 -mthread-model posix -mdisable-fp-elim -masm-verbose -munwind-tables -target-sdk-version=10.14 -target-cpu penryn -dwarf-column-info -debugger-tuning=lldb -ggnu-pubnames -target-linker-version 450.3 -v -coverage-notes-file /Users/sraaphorst/Development/C++/property-based-testing-cpp/debug/CMakeFiles/CMakeTmp/CMakeFiles/cmTC_59846.dir/CMakeCCompilerABI.c.gcno -resource-dir /usr/local/Cellar/llvm/8.0.0_1/lib/clang/8.0.0 -isysroot /Library/Developer/CommandLineTools/SDKs/MacOSX10.14.sdk -fdebug-compilation-dir /Users/sraaphorst/Development/C++/property-based-testing-cpp/debug/CMakeFiles/CMakeTmp -ferror-limit 19 -fmessage-length 0 -stack-protector 1 -fblocks -fencode-extended-block-signature -fregister-global-dtors-with-atexit -fobjc-runtime=macosx-10.14.0 -fmax-type-align=16 -fdiagnostics-show-option -o CMakeFiles/cmTC_59846.dir/CMakeCCompilerABI.c.o -x c /Users/sraaphorst/Library/Application Support/JetBrains/Toolbox/apps/CLion/ch-0/191.7479.33/CLion.app/Contents/bin/cmake/mac/share/cmake-3.14/Modules/CMakeCCompilerABI.c
clang -cc1 version 8.0.0 based upon LLVM 8.0.0 default target x86_64-apple-darwin18.6.0
ignoring nonexistent directory "/Library/Developer/CommandLineTools/SDKs/MacOSX10.14.sdk/usr/local/include"
ignoring nonexistent directory "/Library/Developer/CommandLineTools/SDKs/MacOSX10.14.sdk/Library/Frameworks"
#include "..." search starts here:
#include <...> search starts here:
 /usr/local/Cellar/llvm/8.0.0_1/lib/clang/8.0.0/include
 /Library/Developer/CommandLineTools/SDKs/MacOSX10.14.sdk/usr/include
 /Library/Developer/CommandLineTools/SDKs/MacOSX10.14.sdk/System/Library/Frameworks (framework directory)
End of search list.
Linking C executable cmTC_59846
"/Users/sraaphorst/Library/Application Support/JetBrains/Toolbox/apps/CLion/ch-0/191.7479.33/CLion.app/Contents/bin/cmake/mac/bin/cmake" -E cmake_link_script CMakeFiles/cmTC_59846.dir/link.txt --verbose=1
/usr/local/opt/llvm/bin/clang   -isysroot /Library/Developer/CommandLineTools/SDKs/MacOSX10.14.sdk -Wl,-search_paths_first -Wl,-headerpad_max_install_names -L/usr/local/opt/readline/lib -L/Applications/Qt-5.9.4/5.9.4/clang_64/lib -v -Wl,-v CMakeFiles/cmTC_59846.dir/CMakeCCompilerABI.c.o  -o cmTC_59846 
clang version 8.0.0 (tags/RELEASE_800/final)
Target: x86_64-apple-darwin18.6.0
Thread model: posix
InstalledDir: /usr/local/opt/llvm/bin
 "/usr/bin/ld" -demangle -lto_library /usr/local/Cellar/llvm/8.0.0_1/lib/libLTO.dylib -dynamic -arch x86_64 -macosx_version_min 10.14.0 -syslibroot /Library/Developer/CommandLineTools/SDKs/MacOSX10.14.sdk -o cmTC_59846 -L/usr/local/opt/readline/lib -L/Applications/Qt-5.9.4/5.9.4/clang_64/lib -search_paths_first -headerpad_max_install_names -v CMakeFiles/cmTC_59846.dir/CMakeCCompilerABI.c.o -lSystem /usr/local/Cellar/llvm/8.0.0_1/lib/clang/8.0.0/lib/darwin/libclang_rt.osx.a
@(#)PROGRAM:ld  PROJECT:ld64-450.3
BUILD 18:45:16 Apr  4 2019
configured to support archs: armv6 armv7 armv7s arm64 arm64e arm64_32 i386 x86_64 x86_64h armv6m armv7k armv7m armv7em
ld: warning: directory not found for option '-L/Applications/Qt-5.9.4/5.9.4/clang_64/lib'
Library search paths:
	/usr/local/opt/readline/lib
	/Library/Developer/CommandLineTools/SDKs/MacOSX10.14.sdk/usr/lib
Framework search paths:
	/Library/Developer/CommandLineTools/SDKs/MacOSX10.14.sdk/System/Library/Frameworks/


Parsed C implicit include dir info from above output: rv=done
  found start of include info
  found start of implicit include info
    add: [/usr/local/Cellar/llvm/8.0.0_1/lib/clang/8.0.0/include]
    add: [/Library/Developer/CommandLineTools/SDKs/MacOSX10.14.sdk/usr/include]
  end of search list found
  collapse include dir [/usr/local/Cellar/llvm/8.0.0_1/lib/clang/8.0.0/include] ==> [/usr/local/Cellar/llvm/8.0.0_1/lib/clang/8.0.0/include]
  collapse include dir [/Library/Developer/CommandLineTools/SDKs/MacOSX10.14.sdk/usr/include] ==> [/Library/Developer/CommandLineTools/SDKs/MacOSX10.14.sdk/usr/include]
  implicit include dirs: [/usr/local/Cellar/llvm/8.0.0_1/lib/clang/8.0.0/include;/Library/Developer/CommandLineTools/SDKs/MacOSX10.14.sdk/usr/include]


Parsed C implicit link information from above output:
  link line regex: [^( *|.*[/\])(ld|CMAKE_LINK_STARTFILE-NOTFOUND|([^/\]+-)?ld|collect2)[^/\]*( |$)]
  ignore line: [Change Dir: /Users/sraaphorst/Development/C++/property-based-testing-cpp/debug/CMakeFiles/CMakeTmp]
  ignore line: []
  ignore line: [Run Build Command(s):/usr/bin/make cmTC_59846/fast ]
  ignore line: [/Library/Developer/CommandLineTools/usr/bin/make -f CMakeFiles/cmTC_59846.dir/build.make CMakeFiles/cmTC_59846.dir/build]
  ignore line: [Building C object CMakeFiles/cmTC_59846.dir/CMakeCCompilerABI.c.o]
  ignore line: [/usr/local/opt/llvm/bin/clang   -isysroot /Library/Developer/CommandLineTools/SDKs/MacOSX10.14.sdk   -v -Wl,-v -o CMakeFiles/cmTC_59846.dir/CMakeCCompilerABI.c.o   -c "/Users/sraaphorst/Library/Application Support/JetBrains/Toolbox/apps/CLion/ch-0/191.7479.33/CLion.app/Contents/bin/cmake/mac/share/cmake-3.14/Modules/CMakeCCompilerABI.c"]
  ignore line: [clang version 8.0.0 (tags/RELEASE_800/final)]
  ignore line: [Target: x86_64-apple-darwin18.6.0]
  ignore line: [Thread model: posix]
  ignore line: [InstalledDir: /usr/local/opt/llvm/bin]
  ignore line: [clang-8: warning: -Wl,-v: 'linker' input unused [-Wunused-command-line-argument]]
  ignore line: [ "/usr/local/Cellar/llvm/8.0.0_1/bin/clang-8" -cc1 -triple x86_64-apple-macosx10.14.0 -Wdeprecated-objc-isa-usage -Werror=deprecated-objc-isa-usage -emit-obj -mrelax-all -disable-free -disable-llvm-verifier -discard-value-names -main-file-name CMakeCCompilerABI.c -mrelocation-model pic -pic-level 2 -mthread-model posix -mdisable-fp-elim -masm-verbose -munwind-tables -target-sdk-version=10.14 -target-cpu penryn -dwarf-column-info -debugger-tuning=lldb -ggnu-pubnames -target-linker-version 450.3 -v -coverage-notes-file /Users/sraaphorst/Development/C++/property-based-testing-cpp/debug/CMakeFiles/CMakeTmp/CMakeFiles/cmTC_59846.dir/CMakeCCompilerABI.c.gcno -resource-dir /usr/local/Cellar/llvm/8.0.0_1/lib/clang/8.0.0 -isysroot /Library/Developer/CommandLineTools/SDKs/MacOSX10.14.sdk -fdebug-compilation-dir /Users/sraaphorst/Development/C++/property-based-testing-cpp/debug/CMakeFiles/CMakeTmp -ferror-limit 19 -fmessage-length 0 -stack-protector 1 -fblocks -fencode-extended-block-signature -fregister-global-dtors-with-atexit -fobjc-runtime=macosx-10.14.0 -fmax-type-align=16 -fdiagnostics-show-option -o CMakeFiles/cmTC_59846.dir/CMakeCCompilerABI.c.o -x c /Users/sraaphorst/Library/Application Support/JetBrains/Toolbox/apps/CLion/ch-0/191.7479.33/CLion.app/Contents/bin/cmake/mac/share/cmake-3.14/Modules/CMakeCCompilerABI.c]
  ignore line: [clang -cc1 version 8.0.0 based upon LLVM 8.0.0 default target x86_64-apple-darwin18.6.0]
  ignore line: [ignoring nonexistent directory "/Library/Developer/CommandLineTools/SDKs/MacOSX10.14.sdk/usr/local/include"]
  ignore line: [ignoring nonexistent directory "/Library/Developer/CommandLineTools/SDKs/MacOSX10.14.sdk/Library/Frameworks"]
  ignore line: [#include "..." search starts here:]
  ignore line: [#include <...> search starts here:]
  ignore line: [ /usr/local/Cellar/llvm/8.0.0_1/lib/clang/8.0.0/include]
  ignore line: [ /Library/Developer/CommandLineTools/SDKs/MacOSX10.14.sdk/usr/include]
  ignore line: [ /Library/Developer/CommandLineTools/SDKs/MacOSX10.14.sdk/System/Library/Frameworks (framework directory)]
  ignore line: [End of search list.]
  ignore line: [Linking C executable cmTC_59846]
  ignore line: ["/Users/sraaphorst/Library/Application Support/JetBrains/Toolbox/apps/CLion/ch-0/191.7479.33/CLion.app/Contents/bin/cmake/mac/bin/cmake" -E cmake_link_script CMakeFiles/cmTC_59846.dir/link.txt --verbose=1]
  ignore line: [/usr/local/opt/llvm/bin/clang   -isysroot /Library/Developer/CommandLineTools/SDKs/MacOSX10.14.sdk -Wl,-search_paths_first -Wl,-headerpad_max_install_names -L/usr/local/opt/readline/lib -L/Applications/Qt-5.9.4/5.9.4/clang_64/lib -v -Wl,-v CMakeFiles/cmTC_59846.dir/CMakeCCompilerABI.c.o  -o cmTC_59846 ]
  ignore line: [clang version 8.0.0 (tags/RELEASE_800/final)]
  ignore line: [Target: x86_64-apple-darwin18.6.0]
  ignore line: [Thread model: posix]
  ignore line: [InstalledDir: /usr/local/opt/llvm/bin]
  link line: [ "/usr/bin/ld" -demangle -lto_library /usr/local/Cellar/llvm/8.0.0_1/lib/libLTO.dylib -dynamic -arch x86_64 -macosx_version_min 10.14.0 -syslibroot /Library/Developer/CommandLineTools/SDKs/MacOSX10.14.sdk -o cmTC_59846 -L/usr/local/opt/readline/lib -L/Applications/Qt-5.9.4/5.9.4/clang_64/lib -search_paths_first -headerpad_max_install_names -v CMakeFiles/cmTC_59846.dir/CMakeCCompilerABI.c.o -lSystem /usr/local/Cellar/llvm/8.0.0_1/lib/clang/8.0.0/lib/darwin/libclang_rt.osx.a]
    arg [/usr/bin/ld] ==> ignore
    arg [-demangle] ==> ignore
    arg [-lto_library] ==> ignore, skip following value
    arg [/usr/local/Cellar/llvm/8.0.0_1/lib/libLTO.dylib] ==> skip value of -lto_library
    arg [-dynamic] ==> ignore
    arg [-arch] ==> ignore
    arg [x86_64] ==> ignore
    arg [-macosx_version_min] ==> ignore
    arg [10.14.0] ==> ignore
    arg [-syslibroot] ==> ignore
    arg [/Library/Developer/CommandLineTools/SDKs/MacOSX10.14.sdk] ==> ignore
    arg [-o] ==> ignore
    arg [cmTC_59846] ==> ignore
    arg [-L/usr/local/opt/readline/lib] ==> dir [/usr/local/opt/readline/lib]
    arg [-L/Applications/Qt-5.9.4/5.9.4/clang_64/lib] ==> dir [/Applications/Qt-5.9.4/5.9.4/clang_64/lib]
    arg [-search_paths_first] ==> ignore
    arg [-headerpad_max_install_names] ==> ignore
    arg [-v] ==> ignore
    arg [CMakeFiles/cmTC_59846.dir/CMakeCCompilerABI.c.o] ==> ignore
    arg [-lSystem] ==> lib [System]
    arg [/usr/local/Cellar/llvm/8.0.0_1/lib/clang/8.0.0/lib/darwin/libclang_rt.osx.a] ==> lib [/usr/local/Cellar/llvm/8.0.0_1/lib/clang/8.0.0/lib/darwin/libclang_rt.osx.a]
  Library search paths: [;/usr/local/opt/readline/lib;/Library/Developer/CommandLineTools/SDKs/MacOSX10.14.sdk/usr/lib]
  Framework search paths: [;/Library/Developer/CommandLineTools/SDKs/MacOSX10.14.sdk/System/Library/Frameworks/]
  remove lib [System]
  remove lib [/usr/local/Cellar/llvm/8.0.0_1/lib/clang/8.0.0/lib/darwin/libclang_rt.osx.a]
  collapse library dir [/usr/local/opt/readline/lib] ==> [/usr/local/opt/readline/lib]
  collapse library dir [/Applications/Qt-5.9.4/5.9.4/clang_64/lib] ==> [/Applications/Qt-5.9.4/5.9.4/clang_64/lib]
  collapse library dir [/usr/local/opt/readline/lib] ==> [/usr/local/opt/readline/lib]
  collapse library dir [/Library/Developer/CommandLineTools/SDKs/MacOSX10.14.sdk/usr/lib] ==> [/Library/Developer/CommandLineTools/SDKs/MacOSX10.14.sdk/usr/lib]
  collapse framework dir [/Library/Developer/CommandLineTools/SDKs/MacOSX10.14.sdk/System/Library/Frameworks/] ==> [/Library/Developer/CommandLineTools/SDKs/MacOSX10.14.sdk/System/Library/Frameworks]
  implicit libs: []
  implicit dirs: [/usr/local/opt/readline/lib;/Applications/Qt-5.9.4/5.9.4/clang_64/lib;/Library/Developer/CommandLineTools/SDKs/MacOSX10.14.sdk/usr/lib]
  implicit fwks: [/Library/Developer/CommandLineTools/SDKs/MacOSX10.14.sdk/System/Library/Frameworks]


Determining if the CXX compiler works passed with the following output:
Change Dir: /Users/sraaphorst/Development/C++/property-based-testing-cpp/debug/CMakeFiles/CMakeTmp

Run Build Command(s):/usr/bin/make cmTC_eb29b/fast 
/Library/Developer/CommandLineTools/usr/bin/make -f CMakeFiles/cmTC_eb29b.dir/build.make CMakeFiles/cmTC_eb29b.dir/build
Building CXX object CMakeFiles/cmTC_eb29b.dir/testCXXCompiler.cxx.o
/usr/local/opt/llvm/bin/clang++    -isysroot /Library/Developer/CommandLineTools/SDKs/MacOSX10.14.sdk   -o CMakeFiles/cmTC_eb29b.dir/testCXXCompiler.cxx.o -c /Users/sraaphorst/Development/C++/property-based-testing-cpp/debug/CMakeFiles/CMakeTmp/testCXXCompiler.cxx
Linking CXX executable cmTC_eb29b
"/Users/sraaphorst/Library/Application Support/JetBrains/Toolbox/apps/CLion/ch-0/191.7479.33/CLion.app/Contents/bin/cmake/mac/bin/cmake" -E cmake_link_script CMakeFiles/cmTC_eb29b.dir/link.txt --verbose=1
/usr/local/opt/llvm/bin/clang++    -isysroot /Library/Developer/CommandLineTools/SDKs/MacOSX10.14.sdk -Wl,-search_paths_first -Wl,-headerpad_max_install_names -L/usr/local/opt/readline/lib -L/Applications/Qt-5.9.4/5.9.4/clang_64/lib  CMakeFiles/cmTC_eb29b.dir/testCXXCompiler.cxx.o  -o cmTC_eb29b 
ld: warning: directory not found for option '-L/Applications/Qt-5.9.4/5.9.4/clang_64/lib'


Detecting CXX compiler ABI info compiled with the following output:
Change Dir: /Users/sraaphorst/Development/C++/property-based-testing-cpp/debug/CMakeFiles/CMakeTmp

Run Build Command(s):/usr/bin/make cmTC_421cf/fast 
/Library/Developer/CommandLineTools/usr/bin/make -f CMakeFiles/cmTC_421cf.dir/build.make CMakeFiles/cmTC_421cf.dir/build
Building CXX object CMakeFiles/cmTC_421cf.dir/CMakeCXXCompilerABI.cpp.o
/usr/local/opt/llvm/bin/clang++    -isysroot /Library/Developer/CommandLineTools/SDKs/MacOSX10.14.sdk   -v -Wl,-v -o CMakeFiles/cmTC_421cf.dir/CMakeCXXCompilerABI.cpp.o -c "/Users/sraaphorst/Library/Application Support/JetBrains/Toolbox/apps/CLion/ch-0/191.7479.33/CLion.app/Contents/bin/cmake/mac/share/cmake-3.14/Modules/CMakeCXXCompilerABI.cpp"
clang version 8.0.0 (tags/RELEASE_800/final)
Target: x86_64-apple-darwin18.6.0
Thread model: posix
InstalledDir: /usr/local/opt/llvm/bin
clang-8: warning: -Wl,-v: 'linker' input unused [-Wunused-command-line-argument]
 "/usr/local/Cellar/llvm/8.0.0_1/bin/clang-8" -cc1 -triple x86_64-apple-macosx10.14.0 -Wdeprecated-objc-isa-usage -Werror=deprecated-objc-isa-usage -emit-obj -mrelax-all -disable-free -disable-llvm-verifier -discard-value-names -main-file-name CMakeCXXCompilerABI.cpp -mrelocation-model pic -pic-level 2 -mthread-model posix -mdisable-fp-elim -masm-verbose -munwind-tables -target-sdk-version=10.14 -target-cpu penryn -dwarf-column-info -debugger-tuning=lldb -ggnu-pubnames -target-linker-version 450.3 -v -coverage-notes-file /Users/sraaphorst/Development/C++/property-based-testing-cpp/debug/CMakeFiles/CMakeTmp/CMakeFiles/cmTC_421cf.dir/CMakeCXXCompilerABI.cpp.gcno -resource-dir /usr/local/Cellar/llvm/8.0.0_1/lib/clang/8.0.0 -isysroot /Library/Developer/CommandLineTools/SDKs/MacOSX10.14.sdk -stdlib=libc++ -internal-isystem /usr/local/opt/llvm/bin/../include/c++/v1 -fdeprecated-macro -fdebug-compilation-dir /Users/sraaphorst/Development/C++/property-based-testing-cpp/debug/CMakeFiles/CMakeTmp -ferror-limit 19 -fmessage-length 0 -stack-protector 1 -fblocks -fencode-extended-block-signature -fregister-global-dtors-with-atexit -fobjc-runtime=macosx-10.14.0 -fcxx-exceptions -fexceptions -fmax-type-align=16 -fdiagnostics-show-option -o CMakeFiles/cmTC_421cf.dir/CMakeCXXCompilerABI.cpp.o -x c++ /Users/sraaphorst/Library/Application Support/JetBrains/Toolbox/apps/CLion/ch-0/191.7479.33/CLion.app/Contents/bin/cmake/mac/share/cmake-3.14/Modules/CMakeCXXCompilerABI.cpp
clang -cc1 version 8.0.0 based upon LLVM 8.0.0 default target x86_64-apple-darwin18.6.0
ignoring nonexistent directory "/Library/Developer/CommandLineTools/SDKs/MacOSX10.14.sdk/usr/include/c++/v1"
ignoring nonexistent directory "/Library/Developer/CommandLineTools/SDKs/MacOSX10.14.sdk/usr/local/include"
ignoring nonexistent directory "/Library/Developer/CommandLineTools/SDKs/MacOSX10.14.sdk/Library/Frameworks"
#include "..." search starts here:
#include <...> search starts here:
 /usr/local/opt/llvm/bin/../include/c++/v1
 /usr/local/Cellar/llvm/8.0.0_1/lib/clang/8.0.0/include
 /Library/Developer/CommandLineTools/SDKs/MacOSX10.14.sdk/usr/include
 /Library/Developer/CommandLineTools/SDKs/MacOSX10.14.sdk/System/Library/Frameworks (framework directory)
End of search list.
Linking CXX executable cmTC_421cf
"/Users/sraaphorst/Library/Application Support/JetBrains/Toolbox/apps/CLion/ch-0/191.7479.33/CLion.app/Contents/bin/cmake/mac/bin/cmake" -E cmake_link_script CMakeFiles/cmTC_421cf.dir/link.txt --verbose=1
/usr/local/opt/llvm/bin/clang++    -isysroot /Library/Developer/CommandLineTools/SDKs/MacOSX10.14.sdk -Wl,-search_paths_first -Wl,-headerpad_max_install_names -L/usr/local/opt/readline/lib -L/Applications/Qt-5.9.4/5.9.4/clang_64/lib -v -Wl,-v CMakeFiles/cmTC_421cf.dir/CMakeCXXCompilerABI.cpp.o  -o cmTC_421cf 
clang version 8.0.0 (tags/RELEASE_800/final)
Target: x86_64-apple-darwin18.6.0
Thread model: posix
InstalledDir: /usr/local/opt/llvm/bin
 "/usr/bin/ld" -demangle -lto_library /usr/local/Cellar/llvm/8.0.0_1/lib/libLTO.dylib -dynamic -arch x86_64 -macosx_version_min 10.14.0 -syslibroot /Library/Developer/CommandLineTools/SDKs/MacOSX10.14.sdk -o cmTC_421cf -L/usr/local/opt/readline/lib -L/Applications/Qt-5.9.4/5.9.4/clang_64/lib -search_paths_first -headerpad_max_install_names -v CMakeFiles/cmTC_421cf.dir/CMakeCXXCompilerABI.cpp.o -lc++ -lSystem /usr/local/Cellar/llvm/8.0.0_1/lib/clang/8.0.0/lib/darwin/libclang_rt.osx.a
@(#)PROGRAM:ld  PROJECT:ld64-450.3
BUILD 18:45:16 Apr  4 2019
configured to support archs: armv6 armv7 armv7s arm64 arm64e arm64_32 i386 x86_64 x86_64h armv6m armv7k armv7m armv7em
ld: warning: directory not found for option '-L/Applications/Qt-5.9.4/5.9.4/clang_64/lib'
Library search paths:
	/usr/local/opt/readline/lib
	/Library/Developer/CommandLineTools/SDKs/MacOSX10.14.sdk/usr/lib
Framework search paths:
	/Library/Developer/CommandLineTools/SDKs/MacOSX10.14.sdk/System/Library/Frameworks/


Parsed CXX implicit include dir info from above output: rv=done
  found start of include info
  found start of implicit include info
    add: [/usr/local/opt/llvm/bin/../include/c++/v1]
    add: [/usr/local/Cellar/llvm/8.0.0_1/lib/clang/8.0.0/include]
    add: [/Library/Developer/CommandLineTools/SDKs/MacOSX10.14.sdk/usr/include]
  end of search list found
  collapse include dir [/usr/local/opt/llvm/bin/../include/c++/v1] ==> [/usr/local/opt/llvm/include/c++/v1]
  collapse include dir [/usr/local/Cellar/llvm/8.0.0_1/lib/clang/8.0.0/include] ==> [/usr/local/Cellar/llvm/8.0.0_1/lib/clang/8.0.0/include]
  collapse include dir [/Library/Developer/CommandLineTools/SDKs/MacOSX10.14.sdk/usr/include] ==> [/Library/Developer/CommandLineTools/SDKs/MacOSX10.14.sdk/usr/include]
  implicit include dirs: [/usr/local/opt/llvm/include/c++/v1;/usr/local/Cellar/llvm/8.0.0_1/lib/clang/8.0.0/include;/Library/Developer/CommandLineTools/SDKs/MacOSX10.14.sdk/usr/include]


Parsed CXX implicit link information from above output:
  link line regex: [^( *|.*[/\])(ld|CMAKE_LINK_STARTFILE-NOTFOUND|([^/\]+-)?ld|collect2)[^/\]*( |$)]
  ignore line: [Change Dir: /Users/sraaphorst/Development/C++/property-based-testing-cpp/debug/CMakeFiles/CMakeTmp]
  ignore line: []
  ignore line: [Run Build Command(s):/usr/bin/make cmTC_421cf/fast ]
  ignore line: [/Library/Developer/CommandLineTools/usr/bin/make -f CMakeFiles/cmTC_421cf.dir/build.make CMakeFiles/cmTC_421cf.dir/build]
  ignore line: [Building CXX object CMakeFiles/cmTC_421cf.dir/CMakeCXXCompilerABI.cpp.o]
  ignore line: [/usr/local/opt/llvm/bin/clang++    -isysroot /Library/Developer/CommandLineTools/SDKs/MacOSX10.14.sdk   -v -Wl,-v -o CMakeFiles/cmTC_421cf.dir/CMakeCXXCompilerABI.cpp.o -c "/Users/sraaphorst/Library/Application Support/JetBrains/Toolbox/apps/CLion/ch-0/191.7479.33/CLion.app/Contents/bin/cmake/mac/share/cmake-3.14/Modules/CMakeCXXCompilerABI.cpp"]
  ignore line: [clang version 8.0.0 (tags/RELEASE_800/final)]
  ignore line: [Target: x86_64-apple-darwin18.6.0]
  ignore line: [Thread model: posix]
  ignore line: [InstalledDir: /usr/local/opt/llvm/bin]
  ignore line: [clang-8: warning: -Wl,-v: 'linker' input unused [-Wunused-command-line-argument]]
  ignore line: [ "/usr/local/Cellar/llvm/8.0.0_1/bin/clang-8" -cc1 -triple x86_64-apple-macosx10.14.0 -Wdeprecated-objc-isa-usage -Werror=deprecated-objc-isa-usage -emit-obj -mrelax-all -disable-free -disable-llvm-verifier -discard-value-names -main-file-name CMakeCXXCompilerABI.cpp -mrelocation-model pic -pic-level 2 -mthread-model posix -mdisable-fp-elim -masm-verbose -munwind-tables -target-sdk-version=10.14 -target-cpu penryn -dwarf-column-info -debugger-tuning=lldb -ggnu-pubnames -target-linker-version 450.3 -v -coverage-notes-file /Users/sraaphorst/Development/C++/property-based-testing-cpp/debug/CMakeFiles/CMakeTmp/CMakeFiles/cmTC_421cf.dir/CMakeCXXCompilerABI.cpp.gcno -resource-dir /usr/local/Cellar/llvm/8.0.0_1/lib/clang/8.0.0 -isysroot /Library/Developer/CommandLineTools/SDKs/MacOSX10.14.sdk -stdlib=libc++ -internal-isystem /usr/local/opt/llvm/bin/../include/c++/v1 -fdeprecated-macro -fdebug-compilation-dir /Users/sraaphorst/Development/C++/property-based-testing-cpp/debug/CMakeFiles/CMakeTmp -ferror-limit 19 -fmessage-length 0 -stack-protector 1 -fblocks -fencode-extended-block-signature -fregister-global-dtors-with-atexit -fobjc-runtime=macosx-10.14.0 -fcxx-exceptions -fexceptions -fmax-type-align=16 -fdiagnostics-show-option -o CMakeFiles/cmTC_421cf.dir/CMakeCXXCompilerABI.cpp.o -x c++ /Users/sraaphorst/Library/Application Support/JetBrains/Toolbox/apps/CLion/ch-0/191.7479.33/CLion.app/Contents/bin/cmake/mac/share/cmake-3.14/Modules/CMakeCXXCompilerABI.cpp]
  ignore line: [clang -cc1 version 8.0.0 based upon LLVM 8.0.0 default target x86_64-apple-darwin18.6.0]
  ignore line: [ignoring nonexistent directory "/Library/Developer/CommandLineTools/SDKs/MacOSX10.14.sdk/usr/include/c++/v1"]
  ignore line: [ignoring nonexistent directory "/Library/Developer/CommandLineTools/SDKs/MacOSX10.14.sdk/usr/local/include"]
  ignore line: [ignoring nonexistent directory "/Library/Developer/CommandLineTools/SDKs/MacOSX10.14.sdk/Library/Frameworks"]
  ignore line: [#include "..." search starts here:]
  ignore line: [#include <...> search starts here:]
  ignore line: [ /usr/local/opt/llvm/bin/../include/c++/v1]
  ignore line: [ /usr/local/Cellar/llvm/8.0.0_1/lib/clang/8.0.0/include]
  ignore line: [ /Library/Developer/CommandLineTools/SDKs/MacOSX10.14.sdk/usr/include]
  ignore line: [ /Library/Developer/CommandLineTools/SDKs/MacOSX10.14.sdk/System/Library/Frameworks (framework directory)]
  ignore line: [End of search list.]
  ignore line: [Linking CXX executable cmTC_421cf]
  ignore line: ["/Users/sraaphorst/Library/Application Support/JetBrains/Toolbox/apps/CLion/ch-0/191.7479.33/CLion.app/Contents/bin/cmake/mac/bin/cmake" -E cmake_link_script CMakeFiles/cmTC_421cf.dir/link.txt --verbose=1]
  ignore line: [/usr/local/opt/llvm/bin/clang++    -isysroot /Library/Developer/CommandLineTools/SDKs/MacOSX10.14.sdk -Wl,-search_paths_first -Wl,-headerpad_max_install_names -L/usr/local/opt/readline/lib -L/Applications/Qt-5.9.4/5.9.4/clang_64/lib -v -Wl,-v CMakeFiles/cmTC_421cf.dir/CMakeCXXCompilerABI.cpp.o  -o cmTC_421cf ]
  ignore line: [clang version 8.0.0 (tags/RELEASE_800/final)]
  ignore line: [Target: x86_64-apple-darwin18.6.0]
  ignore line: [Thread model: posix]
  ignore line: [InstalledDir: /usr/local/opt/llvm/bin]
  link line: [ "/usr/bin/ld" -demangle -lto_library /usr/local/Cellar/llvm/8.0.0_1/lib/libLTO.dylib -dynamic -arch x86_64 -macosx_version_min 10.14.0 -syslibroot /Library/Developer/CommandLineTools/SDKs/MacOSX10.14.sdk -o cmTC_421cf -L/usr/local/opt/readline/lib -L/Applications/Qt-5.9.4/5.9.4/clang_64/lib -search_paths_first -headerpad_max_install_names -v CMakeFiles/cmTC_421cf.dir/CMakeCXXCompilerABI.cpp.o -lc++ -lSystem /usr/local/Cellar/llvm/8.0.0_1/lib/clang/8.0.0/lib/darwin/libclang_rt.osx.a]
    arg [/usr/bin/ld] ==> ignore
    arg [-demangle] ==> ignore
    arg [-lto_library] ==> ignore, skip following value
    arg [/usr/local/Cellar/llvm/8.0.0_1/lib/libLTO.dylib] ==> skip value of -lto_library
    arg [-dynamic] ==> ignore
    arg [-arch] ==> ignore
    arg [x86_64] ==> ignore
    arg [-macosx_version_min] ==> ignore
    arg [10.14.0] ==> ignore
    arg [-syslibroot] ==> ignore
    arg [/Library/Developer/CommandLineTools/SDKs/MacOSX10.14.sdk] ==> ignore
    arg [-o] ==> ignore
    arg [cmTC_421cf] ==> ignore
    arg [-L/usr/local/opt/readline/lib] ==> dir [/usr/local/opt/readline/lib]
    arg [-L/Applications/Qt-5.9.4/5.9.4/clang_64/lib] ==> dir [/Applications/Qt-5.9.4/5.9.4/clang_64/lib]
    arg [-search_paths_first] ==> ignore
    arg [-headerpad_max_install_names] ==> ignore
    arg [-v] ==> ignore
    arg [CMakeFiles/cmTC_421cf.dir/CMakeCXXCompilerABI.cpp.o] ==> ignore
    arg [-lc++] ==> lib [c++]
    arg [-lSystem] ==> lib [System]
    arg [/usr/local/Cellar/llvm/8.0.0_1/lib/clang/8.0.0/lib/darwin/libclang_rt.osx.a] ==> lib [/usr/local/Cellar/llvm/8.0.0_1/lib/clang/8.0.0/lib/darwin/libclang_rt.osx.a]
  Library search paths: [;/usr/local/opt/readline/lib;/Library/Developer/CommandLineTools/SDKs/MacOSX10.14.sdk/usr/lib]
  Framework search paths: [;/Library/Developer/CommandLineTools/SDKs/MacOSX10.14.sdk/System/Library/Frameworks/]
  remove lib [System]
  remove lib [/usr/local/Cellar/llvm/8.0.0_1/lib/clang/8.0.0/lib/darwin/libclang_rt.osx.a]
  collapse library dir [/usr/local/opt/readline/lib] ==> [/usr/local/opt/readline/lib]
  collapse library dir [/Applications/Qt-5.9.4/5.9.4/clang_64/lib] ==> [/Applications/Qt-5.9.4/5.9.4/clang_64/lib]
  collapse library dir [/usr/local/opt/readline/lib] ==> [/usr/local/opt/readline/lib]
  collapse library dir [/Library/Developer/CommandLineTools/SDKs/MacOSX10.14.sdk/usr/lib] ==> [/Library/Developer/CommandLineTools/SDKs/MacOSX10.14.sdk/usr/lib]
  collapse framework dir [/Library/Developer/CommandLineTools/SDKs/MacOSX10.14.sdk/System/Library/Frameworks/] ==> [/Library/Developer/CommandLineTools/SDKs/MacOSX10.14.sdk/System/Library/Frameworks]
  implicit libs: [c++]
  implicit dirs: [/usr/local/opt/readline/lib;/Applications/Qt-5.9.4/5.9.4/clang_64/lib;/Library/Developer/CommandLineTools/SDKs/MacOSX10.14.sdk/usr/lib]
  implicit fwks: [/Library/Developer/CommandLineTools/SDKs/MacOSX10.14.sdk/System/Library/Frameworks]


Determining if the include file pthread.h exists passed with the following output:
Change Dir: /Users/sraaphorst/Development/C++/property-based-testing-cpp/debug/CMakeFiles/CMakeTmp

Run Build Command(s):/usr/bin/make cmTC_e6084/fast 
/Library/Developer/CommandLineTools/usr/bin/make -f CMakeFiles/cmTC_e6084.dir/build.make CMakeFiles/cmTC_e6084.dir/build
Building C object CMakeFiles/cmTC_e6084.dir/CheckIncludeFile.c.o
/usr/local/opt/llvm/bin/clang   -isysroot /Library/Developer/CommandLineTools/SDKs/MacOSX10.14.sdk   -o CMakeFiles/cmTC_e6084.dir/CheckIncludeFile.c.o   -c /Users/sraaphorst/Development/C++/property-based-testing-cpp/debug/CMakeFiles/CMakeTmp/CheckIncludeFile.c
Linking C executable cmTC_e6084
"/Users/sraaphorst/Library/Application Support/JetBrains/Toolbox/apps/CLion/ch-0/191.7479.33/CLion.app/Contents/bin/cmake/mac/bin/cmake" -E cmake_link_script CMakeFiles/cmTC_e6084.dir/link.txt --verbose=1
/usr/local/opt/llvm/bin/clang   -isysroot /Library/Developer/CommandLineTools/SDKs/MacOSX10.14.sdk -Wl,-search_paths_first -Wl,-headerpad_max_install_names -L/usr/local/opt/readline/lib -L/Applications/Qt-5.9.4/5.9.4/clang_64/lib  CMakeFiles/cmTC_e6084.dir/CheckIncludeFile.c.o  -o cmTC_e6084 
ld: warning: directory not found for option '-L/Applications/Qt-5.9.4/5.9.4/clang_64/lib'


Determining if the pthread_create exist passed with the following output:
Change Dir: /Users/sraaphorst/Development/C++/property-based-testing-cpp/debug/CMakeFiles/CMakeTmp

Run Build Command(s):/usr/bin/make cmTC_d12b6/fast 
/Library/Developer/CommandLineTools/usr/bin/make -f CMakeFiles/cmTC_d12b6.dir/build.make CMakeFiles/cmTC_d12b6.dir/build
Building C object CMakeFiles/cmTC_d12b6.dir/CheckSymbolExists.c.o
/usr/local/opt/llvm/bin/clang   -isysroot /Library/Developer/CommandLineTools/SDKs/MacOSX10.14.sdk   -o CMakeFiles/cmTC_d12b6.dir/CheckSymbolExists.c.o   -c /Users/sraaphorst/Development/C++/property-based-testing-cpp/debug/CMakeFiles/CMakeTmp/CheckSymbolExists.c
Linking C executable cmTC_d12b6
"/Users/sraaphorst/Library/Application Support/JetBrains/Toolbox/apps/CLion/ch-0/191.7479.33/CLion.app/Contents/bin/cmake/mac/bin/cmake" -E cmake_link_script CMakeFiles/cmTC_d12b6.dir/link.txt --verbose=1
/usr/local/opt/llvm/bin/clang   -isysroot /Library/Developer/CommandLineTools/SDKs/MacOSX10.14.sdk -Wl,-search_paths_first -Wl,-headerpad_max_install_names -L/usr/local/opt/readline/lib -L/Applications/Qt-5.9.4/5.9.4/clang_64/lib  CMakeFiles/cmTC_d12b6.dir/CheckSymbolExists.c.o  -o cmTC_d12b6 
ld: warning: directory not found for option '-L/Applications/Qt-5.9.4/5.9.4/clang_64/lib'

File /Users/sraaphorst/Development/C++/property-based-testing-cpp/debug/CMakeFiles/CMakeTmp/CheckSymbolExists.c:
/* */
#include <pthread.h>

int main(int argc, char** argv)
{
  (void)argv;
#ifndef pthread_create
  return ((int*)(&pthread_create))[argc];
#else
  (void)argc;
  return 0;
#endif
}

